<?xml version="1.0" encoding="UTF-8"?>
<!-- Generated by org.testng.reporters.JUnitReportReporter -->
<testsuite hostname="DSCHD-PC-CB-77" failures="0" tests="1" name="test_project_test" time="0.008" errors="0" timestamp="26 Nov 2020 12:23:36 GMT" skipped="0">
  <testcase classname="test_project_test" name="login" time="0.008"/>
</testsuite> <!-- test_project_test -->
