<?xml version="1.0" encoding="UTF-8"?>
<!-- Generated by org.testng.reporters.JUnitReportReporter -->
<testsuite hostname="DSCHD-PC-CB-77" failures="0" tests="5" name="Test_Practice2" time="16.841" errors="0" timestamp="02 Dec 2020 05:16:05 GMT" skipped="3">
  <testcase classname="Test_Practice2" name="test_2" time="3.815">
    <skipped/>
  </testcase> <!-- test_2 -->
  <testcase classname="Test_Practice2" name="test_5" time="0.550">
    <skipped/>
  </testcase> <!-- test_5 -->
  <testcase classname="Test_Practice2" name="test_1" time="0.000">
    <skipped/>
  </testcase> <!-- test_1 -->
  <testcase classname="Test_Practice2" name="test_4" time="11.286"/>
  <testcase classname="Test_Practice2" name="test_3" time="1.190"/>
</testsuite> <!-- Test_Practice2 -->
